0 info it worked if it ends with ok
1 verbose cli [ '/Users/Haemp/.nvm/versions/node/v6.4.0/bin/node',
1 verbose cli   '/Users/Haemp/.nvm/versions/node/v6.4.0/bin/npm',
1 verbose cli   'start' ]
2 info using npm@3.10.3
3 info using node@v6.4.0
4 verbose run-script [ 'prestart', 'start', 'poststart' ]
5 info lifecycle ahlgren.co@1.0.0~prestart: ahlgren.co@1.0.0
6 verbose lifecycle ahlgren.co@1.0.0~prestart: unsafe-perm in lifecycle true
7 verbose lifecycle ahlgren.co@1.0.0~prestart: PATH: /Users/Haemp/.nvm/versions/node/v6.4.0/lib/node_modules/npm/bin/node-gyp-bin:/Users/Haemp/ahlgren/node_modules/.bin:/Users/Haemp/.nvm/versions/node/v6.4.0/bin:/Users/Haemp/sbin/Sencha/Cmd/4.0.4.84:/Users/Haemp/google-cloud-sdk/bin:/Users/Haemp/.nvm/versions/node/v6.4.0/bin:/usr/local/bin:/usr/bin:/bin:/usr/sbin:/sbin:/usr/local/bin:/Users/Haemp/android-sdks/platform-tools:/Users/Haemp/android-sdks/tools:/usr/local/git/bin:/opt/ImageMagick/bin
8 verbose lifecycle ahlgren.co@1.0.0~prestart: CWD: /Users/Haemp/ahlgren
9 silly lifecycle ahlgren.co@1.0.0~prestart: Args: [ '-c', 'npm install && bower install' ]
10 silly lifecycle ahlgren.co@1.0.0~prestart: Returned: code: 1  signal: null
11 info lifecycle ahlgren.co@1.0.0~prestart: Failed to exec prestart script
12 verbose stack Error: ahlgren.co@1.0.0 prestart: `npm install && bower install`
12 verbose stack Exit status 1
12 verbose stack     at EventEmitter.<anonymous> (/Users/Haemp/.nvm/versions/node/v6.4.0/lib/node_modules/npm/lib/utils/lifecycle.js:242:16)
12 verbose stack     at emitTwo (events.js:106:13)
12 verbose stack     at EventEmitter.emit (events.js:191:7)
12 verbose stack     at ChildProcess.<anonymous> (/Users/Haemp/.nvm/versions/node/v6.4.0/lib/node_modules/npm/lib/utils/spawn.js:40:14)
12 verbose stack     at emitTwo (events.js:106:13)
12 verbose stack     at ChildProcess.emit (events.js:191:7)
12 verbose stack     at maybeClose (internal/child_process.js:852:16)
12 verbose stack     at Process.ChildProcess._handle.onexit (internal/child_process.js:215:5)
13 verbose pkgid ahlgren.co@1.0.0
14 verbose cwd /Users/Haemp/ahlgren
15 error Darwin 15.5.0
16 error argv "/Users/Haemp/.nvm/versions/node/v6.4.0/bin/node" "/Users/Haemp/.nvm/versions/node/v6.4.0/bin/npm" "start"
17 error node v6.4.0
18 error npm  v3.10.3
19 error code ELIFECYCLE
20 error ahlgren.co@1.0.0 prestart: `npm install && bower install`
20 error Exit status 1
21 error Failed at the ahlgren.co@1.0.0 prestart script 'npm install && bower install'.
21 error Make sure you have the latest version of node.js and npm installed.
21 error If you do, this is most likely a problem with the ahlgren.co package,
21 error not with npm itself.
21 error Tell the author that this fails on your system:
21 error     npm install && bower install
21 error You can get information on how to open an issue for this project with:
21 error     npm bugs ahlgren.co
21 error Or if that isn't available, you can get their info via:
21 error     npm owner ls ahlgren.co
21 error There is likely additional logging output above.
22 verbose exit [ 1, true ]
